This is pdfTeX, Version 3.14159265-2.6-1.40.21 (MiKTeX 20.11) (preloaded format=pdflatex 2021.4.10)  3 JUN 2021 14:14
entering extended mode
**./main.tex
(main.tex
LaTeX2e <2020-10-01> patch level 2
L3 programming layer <2020-10-27> xparse <2020-03-03>
("C:\Program Files\MiKTeX\tex/latex/base\article.cls"
Document Class: article 2020/04/10 v1.4m Standard LaTeX document class
("C:\Program Files\MiKTeX\tex/latex/base\size11.clo"
File: size11.clo 2020/04/10 v1.4m Standard LaTeX file (size option)
)
\c@part=\count175
\c@section=\count176
\c@subsection=\count177
\c@subsubsection=\count178
\c@paragraph=\count179
\c@subparagraph=\count180
\c@figure=\count181
\c@table=\count182
\abovecaptionskip=\skip47
\belowcaptionskip=\skip48
\bibindent=\dimen138
)
("C:\Program Files\MiKTeX\tex/latex/base\inputenc.sty"
Package: inputenc 2020/08/01 v1.3d Input encoding file
\inpenc@prehook=\toks15
\inpenc@posthook=\toks16
)
("C:\Program Files\MiKTeX\tex/latex/base\fontenc.sty"
Package: fontenc 2020/08/10 v2.0s Standard LaTeX package
)
("C:\Program Files\MiKTeX\tex/latex/base\fixltx2e.sty"
Package: fixltx2e 2016/12/29 v2.1a fixes to LaTeX (obsolete)
Applying: [2015/01/01] Old fixltx2e package on input line 46.


Package fixltx2e Warning: fixltx2e is not required with releases after 2015
(fixltx2e)                All fixes are now in the LaTeX kernel.
(fixltx2e)                See the latexrelease package for details.

Already applied: [0000/00/00] Old fixltx2e package on input line 53.
) ("C:\Program Files\MiKTeX\tex/latex/graphics\graphicx.sty"
Package: graphicx 2020/09/09 v1.2b Enhanced LaTeX Graphics (DPC,SPQR)

("C:\Program Files\MiKTeX\tex/latex/graphics\keyval.sty"
Package: keyval 2014/10/28 v1.15 key=value parser (DPC)
\KV@toks@=\toks17
)
("C:\Program Files\MiKTeX\tex/latex/graphics\graphics.sty"
Package: graphics 2020/08/30 v1.4c Standard LaTeX Graphics (DPC,SPQR)

("C:\Program Files\MiKTeX\tex/latex/graphics\trig.sty"
Package: trig 2016/01/03 v1.10 sin cos tan (DPC)
)
("C:\Program Files\MiKTeX\tex/latex/graphics-cfg\graphics.cfg"
File: graphics.cfg 2016/06/04 v1.11 sample graphics configuration
)
Package graphics Info: Driver file: pdftex.def on input line 105.

("C:\Program Files\MiKTeX\tex/latex/graphics-def\pdftex.def"
File: pdftex.def 2020/10/05 v1.2a Graphics/color driver for pdftex
))
\Gin@req@height=\dimen139
\Gin@req@width=\dimen140
)
(C:\Users\evans\AppData\Roaming\MiKTeX\tex/latex/subfig\subfig.sty
Package: subfig 2005/06/28 ver: 1.3 subfig package

(C:\Users\evans\AppData\Roaming\MiKTeX\tex/latex/caption\caption.sty
Package: caption 2020/10/26 v3.5g Customizing captions (AR)

(C:\Users\evans\AppData\Roaming\MiKTeX\tex/latex/caption\caption3.sty
Package: caption3 2020/10/21 v2.2e caption3 kernel (AR)
\captionmargin=\dimen141
\captionmargin@=\dimen142
\captionwidth=\dimen143
\caption@tempdima=\dimen144
\caption@indent=\dimen145
\caption@parindent=\dimen146
\caption@hangindent=\dimen147
Package caption Info: Standard document class detected.
)
\c@caption@flags=\count183
\c@continuedfloat=\count184
)
\c@KVtest=\count185
\sf@farskip=\skip49
\sf@captopadj=\dimen148
\sf@capskip=\skip50
\sf@nearskip=\skip51
\c@subfigure=\count186
\c@subfigure@save=\count187
\c@lofdepth=\count188
\c@subtable=\count189
\c@subtable@save=\count190
\c@lotdepth=\count191
\sf@top=\skip52
\sf@bottom=\skip53
)
("C:\Program Files\MiKTeX\tex/latex/tools\longtable.sty"
Package: longtable 2020/01/07 v4.13 Multi-page Table package (DPC)
\LTleft=\skip54
\LTright=\skip55
\LTpre=\skip56
\LTpost=\skip57
\LTchunksize=\count192
\LTcapwidth=\dimen149
\LT@head=\box47
\LT@firsthead=\box48
\LT@foot=\box49
\LT@lastfoot=\box50
\LT@cols=\count193
\LT@rows=\count194
\c@LT@tables=\count195
\c@LT@chunks=\count196
\LT@p@ftn=\toks18
)
(C:\Users\evans\AppData\Roaming\MiKTeX\tex/latex/float\float.sty
Package: float 2001/11/08 v1.3d Float enhancements (AL)
\c@float@type=\count197
\float@exts=\toks19
\float@box=\box51
\@float@everytoks=\toks20
\@floatcapt=\box52
)
(C:\Users\evans\AppData\Roaming\MiKTeX\tex/latex/wrapfig\wrapfig.sty
\wrapoverhang=\dimen150
\WF@size=\dimen151
\c@WF@wrappedlines=\count198
\WF@box=\box53
\WF@everypar=\toks21
Package: wrapfig 2003/01/31  v 3.6
)
("C:\Program Files\MiKTeX\tex/latex/graphics\rotating.sty"
Package: rotating 2016/08/11 v2.16d rotated objects in LaTeX

("C:\Program Files\MiKTeX\tex/latex/base\ifthen.sty"
Package: ifthen 2014/09/29 v1.1c Standard LaTeX ifthen package (DPC)
)
\c@r@tfl@t=\count199
\rotFPtop=\skip58
\rotFPbot=\skip59
\rot@float@box=\box54
\rot@mess@toks=\toks22
)
(C:\Users\evans\AppData\Roaming\MiKTeX\tex/latex/ulem\ulem.sty
\UL@box=\box55
\UL@hyphenbox=\box56
\UL@skip=\skip60
\UL@hook=\toks23
\UL@height=\dimen152
\UL@pe=\count266
\UL@pixel=\dimen153
\ULC@box=\box57
Package: ulem 2019/11/18
\ULdepth=\dimen154
)
("C:\Program Files\MiKTeX\tex/latex/amsmath\amsmath.sty"
Package: amsmath 2020/09/23 v2.17i AMS math features
\@mathmargin=\skip61

For additional information on amsmath, use the `?' option.
("C:\Program Files\MiKTeX\tex/latex/amsmath\amstext.sty"
Package: amstext 2000/06/29 v2.01 AMS text

("C:\Program Files\MiKTeX\tex/latex/amsmath\amsgen.sty"
File: amsgen.sty 1999/11/30 v2.0 generic functions
\@emptytoks=\toks24
\ex@=\dimen155
))
("C:\Program Files\MiKTeX\tex/latex/amsmath\amsbsy.sty"
Package: amsbsy 1999/11/29 v1.2d Bold Symbols
\pmbraise@=\dimen156
)
("C:\Program Files\MiKTeX\tex/latex/amsmath\amsopn.sty"
Package: amsopn 2016/03/08 v2.02 operator names
)
\inf@bad=\count267
LaTeX Info: Redefining \frac on input line 234.
\uproot@=\count268
\leftroot@=\count269
LaTeX Info: Redefining \overline on input line 399.
\classnum@=\count270
\DOTSCASE@=\count271
LaTeX Info: Redefining \ldots on input line 496.
LaTeX Info: Redefining \dots on input line 499.
LaTeX Info: Redefining \cdots on input line 620.
\Mathstrutbox@=\box58
\strutbox@=\box59
\big@size=\dimen157
LaTeX Font Info:    Redeclaring font encoding OML on input line 743.
LaTeX Font Info:    Redeclaring font encoding OMS on input line 744.
\macc@depth=\count272
\c@MaxMatrixCols=\count273
\dotsspace@=\muskip16
\c@parentequation=\count274
\dspbrk@lvl=\count275
\tag@help=\toks25
\row@=\count276
\column@=\count277
\maxfields@=\count278
\andhelp@=\toks26
\eqnshift@=\dimen158
\alignsep@=\dimen159
\tagshift@=\dimen160
\tagwidth@=\dimen161
\totwidth@=\dimen162
\lineht@=\dimen163
\@envbody=\toks27
\multlinegap=\skip62
\multlinetaggap=\skip63
\mathdisplay@stack=\toks28
LaTeX Info: Redefining \[ on input line 2923.
LaTeX Info: Redefining \] on input line 2924.
)
("C:\Program Files\MiKTeX\tex/latex/base\textcomp.sty"
Package: textcomp 2020/02/02 v2.0n Standard LaTeX package
)
(C:\Users\evans\AppData\Roaming\MiKTeX\tex/latex/marvosym\marvosym.sty
Package: marvosym 2011/07/20 v2.2 Martin Vogel's Symbols font definitions
)
(C:\Users\evans\AppData\Roaming\MiKTeX\tex/latex/wasysym\wasysym.sty
Package: wasysym 2020/01/19 v2.4 Wasy-2 symbol support package
\symwasy=\mathgroup4
LaTeX Font Info:    Overwriting symbol font `wasy' in version `bold'
(Font)                  U/wasy/m/n --> U/wasy/b/n on input line 93.
)
("C:\Program Files\MiKTeX\tex/latex/amsfonts\amssymb.sty"
Package: amssymb 2013/01/14 v3.01 AMS font symbols

("C:\Program Files\MiKTeX\tex/latex/amsfonts\amsfonts.sty"
Package: amsfonts 2013/01/14 v3.01 Basic AMSFonts support
\symAMSa=\mathgroup5
\symAMSb=\mathgroup6
LaTeX Font Info:    Redeclaring math symbol \hbar on input line 98.
LaTeX Font Info:    Overwriting math alphabet `\mathfrak' in version `bold'
(Font)                  U/euf/m/n --> U/euf/b/n on input line 106.
))
("C:\Program Files\MiKTeX\tex/latex/hyperref\hyperref.sty"
Package: hyperref 2020-05-15 v7.00e Hypertext links for LaTeX

(C:\Users\evans\AppData\Roaming\MiKTeX\tex/generic/ltxcmds\ltxcmds.sty
Package: ltxcmds 2020-05-10 v1.25 LaTeX kernel commands for general use (HO)
)
("C:\Program Files\MiKTeX\tex/generic/iftex\iftex.sty"
Package: iftex 2020/03/06 v1.0d TeX engine tests
)
("C:\Program Files\MiKTeX\tex/generic/pdftexcmds\pdftexcmds.sty"
Package: pdftexcmds 2020-06-27 v0.33 Utility functions of pdfTeX for LuaTeX (HO
)

(C:\Users\evans\AppData\Roaming\MiKTeX\tex/generic/infwarerr\infwarerr.sty
Package: infwarerr 2019/12/03 v1.5 Providing info/warning/error messages (HO)
)
Package pdftexcmds Info: \pdf@primitive is available.
Package pdftexcmds Info: \pdf@ifprimitive is available.
Package pdftexcmds Info: \pdfdraftmode found.
)
(C:\Users\evans\AppData\Roaming\MiKTeX\tex/generic/kvsetkeys\kvsetkeys.sty
Package: kvsetkeys 2019/12/15 v1.18 Key value parser (HO)
)
(C:\Users\evans\AppData\Roaming\MiKTeX\tex/generic/kvdefinekeys\kvdefinekeys.st
y
Package: kvdefinekeys 2019-12-19 v1.6 Define keys (HO)
) (C:\Users\evans\AppData\Roaming\MiKTeX\tex/generic/pdfescape\pdfescape.sty
Package: pdfescape 2019/12/09 v1.15 Implements pdfTeX's escape features (HO)
)
(C:\Users\evans\AppData\Roaming\MiKTeX\tex/latex/hycolor\hycolor.sty
Package: hycolor 2020-01-27 v1.10 Color options for hyperref/bookmark (HO)
)
(C:\Users\evans\AppData\Roaming\MiKTeX\tex/latex/letltxmacro\letltxmacro.sty
Package: letltxmacro 2019/12/03 v1.6 Let assignment for LaTeX macros (HO)
)
(C:\Users\evans\AppData\Roaming\MiKTeX\tex/latex/auxhook\auxhook.sty
Package: auxhook 2019-12-17 v1.6 Hooks for auxiliary files (HO)
)
(C:\Users\evans\AppData\Roaming\MiKTeX\tex/latex/kvoptions\kvoptions.sty
Package: kvoptions 2020-10-07 v3.14 Key value format for package options (HO)
)
\@linkdim=\dimen164
\Hy@linkcounter=\count279
\Hy@pagecounter=\count280

("C:\Program Files\MiKTeX\tex/latex/hyperref\pd1enc.def"
File: pd1enc.def 2020-05-15 v7.00e Hyperref: PDFDocEncoding definition (HO)
Now handling font encoding PD1 ...
... no UTF-8 mapping file for font encoding PD1
)
(C:\Users\evans\AppData\Roaming\MiKTeX\tex/generic/intcalc\intcalc.sty
Package: intcalc 2019/12/15 v1.3 Expandable calculations with integers (HO)
)
(C:\Users\evans\AppData\Roaming\MiKTeX\tex/generic/etexcmds\etexcmds.sty
Package: etexcmds 2019/12/15 v1.7 Avoid name clashes with e-TeX commands (HO)
)
\Hy@SavedSpaceFactor=\count281
Package hyperref Info: Hyper figures OFF on input line 4464.
Package hyperref Info: Link nesting OFF on input line 4469.
Package hyperref Info: Hyper index ON on input line 4472.
Package hyperref Info: Plain pages OFF on input line 4479.
Package hyperref Info: Backreferencing OFF on input line 4484.
Package hyperref Info: Implicit mode ON; LaTeX internals redefined.
Package hyperref Info: Bookmarks ON on input line 4717.
\c@Hy@tempcnt=\count282

("C:\Program Files\MiKTeX\tex/latex/url\url.sty"
\Urlmuskip=\muskip17
Package: url 2013/09/16  ver 3.4  Verb mode for urls, etc.
)
LaTeX Info: Redefining \url on input line 5076.
\XeTeXLinkMargin=\dimen165

(C:\Users\evans\AppData\Roaming\MiKTeX\tex/generic/bitset\bitset.sty
Package: bitset 2019/12/09 v1.3 Handle bit-vector datatype (HO)

(C:\Users\evans\AppData\Roaming\MiKTeX\tex/generic/bigintcalc\bigintcalc.sty
Package: bigintcalc 2019/12/15 v1.5 Expandable calculations on big integers (HO
)
))
\Fld@menulength=\count283
\Field@Width=\dimen166
\Fld@charsize=\dimen167
Package hyperref Info: Hyper figures OFF on input line 6347.
Package hyperref Info: Link nesting OFF on input line 6352.
Package hyperref Info: Hyper index ON on input line 6355.
Package hyperref Info: backreferencing OFF on input line 6362.
Package hyperref Info: Link coloring OFF on input line 6367.
Package hyperref Info: Link coloring with OCG OFF on input line 6372.
Package hyperref Info: PDF/A mode OFF on input line 6377.
LaTeX Info: Redefining \ref on input line 6417.
LaTeX Info: Redefining \pageref on input line 6421.

("C:\Program Files\MiKTeX\tex/latex/base\atbegshi-ltx.sty"
Package: atbegshi-ltx 2020/08/17 v1.0a Emulation of the original atbegshi packa
ge
with kernel methods
)
\Hy@abspage=\count284
\c@Item=\count285
\c@Hfootnote=\count286
)
Package hyperref Info: Driver (autodetected): hpdftex.

("C:\Program Files\MiKTeX\tex/latex/hyperref\hpdftex.def"
File: hpdftex.def 2020-05-15 v7.00e Hyperref driver for pdfTeX

("C:\Program Files\MiKTeX\tex/latex/base\atveryend-ltx.sty"
Package: atveryend-ltx 2020/08/19 v1.0a Emulation of the original atvery packag
e
with kernel methods
)
\Fld@listcount=\count287
\c@bookmark@seq@number=\count288

(C:\Users\evans\AppData\Roaming\MiKTeX\tex/latex/rerunfilecheck\rerunfilecheck.
sty
Package: rerunfilecheck 2019/12/05 v1.9 Rerun checks for auxiliary files (HO)

(C:\Users\evans\AppData\Roaming\MiKTeX\tex/generic/uniquecounter\uniquecounter.
sty
Package: uniquecounter 2019/12/15 v1.4 Provide unlimited unique counter (HO)
)
Package uniquecounter Info: New unique counter `rerunfilecheck' on input line 2
86.
)
\Hy@SectionHShift=\skip64
) (C:\Users\evans\AppData\Roaming\MiKTeX\tex/latex/geometry\geometry.sty
Package: geometry 2020/01/02 v5.9 Page Geometry

("C:\Program Files\MiKTeX\tex/generic/iftex\ifvtex.sty"
Package: ifvtex 2019/10/25 v1.7 ifvtex legacy package. Use iftex instead.
)
\Gm@cnth=\count289
\Gm@cntv=\count290
\c@Gm@tempcnt=\count291
\Gm@bindingoffset=\dimen168
\Gm@wd@mp=\dimen169
\Gm@odd@mp=\dimen170
\Gm@even@mp=\dimen171
\Gm@layoutwidth=\dimen172
\Gm@layoutheight=\dimen173
\Gm@layouthoffset=\dimen174
\Gm@layoutvoffset=\dimen175
\Gm@dimlist=\toks29

(C:\Users\evans\AppData\Roaming\MiKTeX\tex/latex/geometry\geometry.cfg))
("C:\Program Files\MiKTeX\tex/latex/biblatex\biblatex.sty"
Package: biblatex 2020/08/23 v3.15a programmable bibliographies (PK/MW)

("C:\Program Files\MiKTeX\tex/latex/etoolbox\etoolbox.sty"
Package: etoolbox 2020/10/05 v2.5k e-TeX tools for LaTeX (JAW)
\etb@tempcnta=\count292
)
(C:\Users\evans\AppData\Roaming\MiKTeX\tex/latex/logreq\logreq.sty
Package: logreq 2010/08/04 v1.0 xml request logger
\lrq@indent=\count293

(C:\Users\evans\AppData\Roaming\MiKTeX\tex/latex/logreq\logreq.def
File: logreq.def 2010/08/04 v1.0 logreq spec v1.0
))
\c@tabx@nest=\count294
\c@listtotal=\count295
\c@listcount=\count296
\c@liststart=\count297
\c@liststop=\count298
\c@citecount=\count299
\c@citetotal=\count300
\c@multicitecount=\count301
\c@multicitetotal=\count302
\c@instcount=\count303
\c@maxnames=\count304
\c@minnames=\count305
\c@maxitems=\count306
\c@minitems=\count307
\c@citecounter=\count308
\c@maxcitecounter=\count309
\c@savedcitecounter=\count310
\c@uniquelist=\count311
\c@uniquename=\count312
\c@refsection=\count313
\c@refsegment=\count314
\c@maxextratitle=\count315
\c@maxextratitleyear=\count316
\c@maxextraname=\count317
\c@maxextradate=\count318
\c@maxextraalpha=\count319
\c@abbrvpenalty=\count320
\c@highnamepenalty=\count321
\c@lownamepenalty=\count322
\c@maxparens=\count323
\c@parenlevel=\count324
\blx@tempcnta=\count325
\blx@tempcntb=\count326
\blx@tempcntc=\count327
\blx@maxsection=\count328
\blx@maxsegment@0=\count329
\blx@notetype=\count330
\blx@parenlevel@text=\count331
\blx@parenlevel@foot=\count332
\blx@sectionciteorder@0=\count333
\blx@entrysetcounter=\count334
\blx@biblioinstance=\count335
\labelnumberwidth=\skip65
\labelalphawidth=\skip66
\biblabelsep=\skip67
\bibitemsep=\skip68
\bibnamesep=\skip69
\bibinitsep=\skip70
\bibparsep=\skip71
\bibhang=\skip72
\blx@bcfin=\read2
\blx@bcfout=\write3
\blx@langwohyphens=\language79
\c@mincomprange=\count336
\c@maxcomprange=\count337
\c@mincompwidth=\count338
Package biblatex Info: Trying to load biblatex default data model...
Package biblatex Info: ... file 'blx-dm.def' found.

("C:\Program Files\MiKTeX\tex/latex/biblatex\blx-dm.def"
File: blx-dm.def 2020/08/23 v3.15a biblatex localization (PK/MW)
)
Package biblatex Info: Trying to load biblatex style data model...
Package biblatex Info: ... file 'ieee.dbx' not found.
Package biblatex Info: Trying to load biblatex custom data model...
Package biblatex Info: ... file 'biblatex-dm.cfg' not found.
\c@afterword=\count339
\c@savedafterword=\count340
\c@annotator=\count341
\c@savedannotator=\count342
\c@author=\count343
\c@savedauthor=\count344
\c@bookauthor=\count345
\c@savedbookauthor=\count346
\c@commentator=\count347
\c@savedcommentator=\count348
\c@editor=\count349
\c@savededitor=\count350
\c@editora=\count351
\c@savededitora=\count352
\c@editorb=\count353
\c@savededitorb=\count354
\c@editorc=\count355
\c@savededitorc=\count356
\c@foreword=\count357
\c@savedforeword=\count358
\c@holder=\count359
\c@savedholder=\count360
\c@introduction=\count361
\c@savedintroduction=\count362
\c@namea=\count363
\c@savednamea=\count364
\c@nameb=\count365
\c@savednameb=\count366
\c@namec=\count367
\c@savednamec=\count368
\c@translator=\count369
\c@savedtranslator=\count370
\c@shortauthor=\count371
\c@savedshortauthor=\count372
\c@shorteditor=\count373
\c@savedshorteditor=\count374
\c@labelname=\count375
\c@savedlabelname=\count376
\c@institution=\count377
\c@savedinstitution=\count378
\c@lista=\count379
\c@savedlista=\count380
\c@listb=\count381
\c@savedlistb=\count382
\c@listc=\count383
\c@savedlistc=\count384
\c@listd=\count385
\c@savedlistd=\count386
\c@liste=\count387
\c@savedliste=\count388
\c@listf=\count389
\c@savedlistf=\count390
\c@location=\count391
\c@savedlocation=\count392
\c@organization=\count393
\c@savedorganization=\count394
\c@origlocation=\count395
\c@savedoriglocation=\count396
\c@origpublisher=\count397
\c@savedorigpublisher=\count398
\c@publisher=\count399
\c@savedpublisher=\count400
\c@language=\count401
\c@savedlanguage=\count402
\c@origlanguage=\count403
\c@savedoriglanguage=\count404
\c@pageref=\count405
\c@savedpageref=\count406
\shorthandwidth=\skip73
\shortjournalwidth=\skip74
\shortserieswidth=\skip75
\shorttitlewidth=\skip76
\shortauthorwidth=\skip77
\shorteditorwidth=\skip78
\locallabelnumberwidth=\skip79
\locallabelalphawidth=\skip80
\localshorthandwidth=\skip81
\localshortjournalwidth=\skip82
\localshortserieswidth=\skip83
\localshorttitlewidth=\skip84
\localshortauthorwidth=\skip85
\localshorteditorwidth=\skip86
Package biblatex Info: Trying to load compatibility code...
Package biblatex Info: ... file 'blx-compat.def' found.

("C:\Program Files\MiKTeX\tex/latex/biblatex\blx-compat.def"
File: blx-compat.def 2020/08/23 v3.15a biblatex compatibility (PK/MW)
)
("C:\Program Files\MiKTeX\tex/latex/l3kernel\expl3.sty"
Package: expl3 2020-10-27 L3 programming layer (loader) 

("C:\Program Files\MiKTeX\tex/latex/l3backend\l3backend-pdftex.def"
File: l3backend-pdftex.def 2020-09-24 L3 backend support: PDF output (pdfTeX)
\l__kernel_color_stack_int=\count407
\l__pdf_internal_box=\box60
))
Package biblatex Info: expl3
(biblatex)             2020-10-27 L3 programming layer (loader) 
(biblatex)             is new enough (at least 2020/04/06),
(biblatex)             setting 'casechanger=expl3'.
Package biblatex Info: Trying to load expl3 case changing code...
Package biblatex Info: ... file 'blx-case-expl3.def' found.

("C:\Program Files\MiKTeX\tex/latex/biblatex\blx-case-expl3.def"
("C:\Program Files\MiKTeX\tex/latex/l3packages/xparse\xparse.sty"
Package: xparse 2020-10-27 L3 Experimental document command parser

("C:\Program Files\MiKTeX\tex/latex/l3packages/xparse\xparse-generic.tex"))
File: blx-case-expl3 2020/08/23 v3.15a expl3 case changing code for biblatex
)
Package biblatex Info: Trying to load generic definitions...
Package biblatex Info: ... file 'biblatex.def' found.

("C:\Program Files\MiKTeX\tex/latex/biblatex\biblatex.def"
File: biblatex.def 2020/08/23 v3.15a biblatex compatibility (PK/MW)
\c@textcitecount=\count408
\c@textcitetotal=\count409
\c@textcitemaxnames=\count410
\c@biburlbigbreakpenalty=\count411
\c@biburlbreakpenalty=\count412
\c@biburlnumpenalty=\count413
\c@biburlucpenalty=\count414
\c@biburllcpenalty=\count415
\biburlbigskip=\muskip18
\biburlnumskip=\muskip19
\biburlucskip=\muskip20
\biburllcskip=\muskip21
\c@smartand=\count416
)
Package biblatex Info: Trying to load bibliography style 'ieee'...
Package biblatex Info: ... file 'ieee.bbx' found.

(C:\Users\evans\AppData\Roaming\MiKTeX\tex/latex/biblatex-ieee\ieee.bbx
File: ieee.bbx 2021/03/25 v1.3e biblatex bibliography style
Package biblatex Info: Trying to load bibliography style 'numeric-comp'...
Package biblatex Info: ... file 'numeric-comp.bbx' found.

("C:\Program Files\MiKTeX\tex/latex/biblatex/bbx\numeric-comp.bbx"
File: numeric-comp.bbx 2020/08/23 v3.15a biblatex bibliography style (PK/MW)
Package biblatex Info: Trying to load bibliography style 'numeric'...
Package biblatex Info: ... file 'numeric.bbx' found.

("C:\Program Files\MiKTeX\tex/latex/biblatex/bbx\numeric.bbx"
File: numeric.bbx 2020/08/23 v3.15a biblatex bibliography style (PK/MW)
Package biblatex Info: Trying to load bibliography style 'standard'...
Package biblatex Info: ... file 'standard.bbx' found.

("C:\Program Files\MiKTeX\tex/latex/biblatex/bbx\standard.bbx"
File: standard.bbx 2020/08/23 v3.15a biblatex bibliography style (PK/MW)
\c@bbx:relatedcount=\count417
\c@bbx:relatedtotal=\count418
))))
Package biblatex Info: Trying to load citation style 'ieee'...
Package biblatex Info: ... file 'ieee.cbx' found.

(C:\Users\evans\AppData\Roaming\MiKTeX\tex/latex/biblatex-ieee\ieee.cbx
File: ieee.cbx 2021/03/25 v1.3e biblatex citation style
Package biblatex Info: Trying to load citation style 'numeric-comp'...
Package biblatex Info: ... file 'numeric-comp.cbx' found.

("C:\Program Files\MiKTeX\tex/latex/biblatex/cbx\numeric-comp.cbx"
File: numeric-comp.cbx 2020/08/23 v3.15a biblatex citation style (PK/MW)
\c@cbx@tempcnta=\count419
\c@cbx@tempcntb=\count420
\c@cbx@tempcntc=\count421
\c@cbx@tempcntd=\count422
Package biblatex Info: Redefining '\cite'.
Package biblatex Info: Redefining '\parencite'.
Package biblatex Info: Redefining '\footcite'.
Package biblatex Info: Redefining '\footcitetext'.
Package biblatex Info: Redefining '\smartcite'.
Package biblatex Info: Redefining '\supercite'.
Package biblatex Info: Redefining '\textcite'.
Package biblatex Info: Redefining '\textcites'.
Package biblatex Info: Redefining '\cites'.
Package biblatex Info: Redefining '\parencites'.
Package biblatex Info: Redefining '\smartcites'.
)
Package biblatex Info: Redefining '\cite'.
Package biblatex Info: Redefining '\cites'.
)
Package biblatex Info: Trying to load configuration file...
Package biblatex Info: ... file 'biblatex.cfg' found.

("C:\Program Files\MiKTeX\tex/latex/biblatex\biblatex.cfg"
File: biblatex.cfg 
))
\@quotelevel=\count423
\@quotereset=\count424
 (main.aux

LaTeX Warning: Label `save_sol' multiply defined.


LaTeX Warning: Label `sec-2-6' multiply defined.

)
\openout1 = `main.aux'.

LaTeX Font Info:    Checking defaults for OML/cmm/m/it on input line 31.
LaTeX Font Info:    ... okay on input line 31.
LaTeX Font Info:    Checking defaults for OMS/cmsy/m/n on input line 31.
LaTeX Font Info:    ... okay on input line 31.
LaTeX Font Info:    Checking defaults for OT1/cmr/m/n on input line 31.
LaTeX Font Info:    ... okay on input line 31.
LaTeX Font Info:    Checking defaults for T1/cmr/m/n on input line 31.
LaTeX Font Info:    ... okay on input line 31.
LaTeX Font Info:    Checking defaults for TS1/cmr/m/n on input line 31.
LaTeX Font Info:    ... okay on input line 31.
LaTeX Font Info:    Checking defaults for OMX/cmex/m/n on input line 31.
LaTeX Font Info:    ... okay on input line 31.
LaTeX Font Info:    Checking defaults for U/cmr/m/n on input line 31.
LaTeX Font Info:    ... okay on input line 31.
LaTeX Font Info:    Checking defaults for PD1/pdf/m/n on input line 31.
LaTeX Font Info:    ... okay on input line 31.
 ("C:\Program Files\MiKTeX\tex/context/base/mkii\supp-pdf.mkii"
[Loading MPS to PDF converter (version 2006.09.02).]
\scratchcounter=\count425
\scratchdimen=\dimen176
\scratchbox=\box61
\nofMPsegments=\count426
\nofMParguments=\count427
\everyMPshowfont=\toks30
\MPscratchCnt=\count428
\MPscratchDim=\dimen177
\MPnumerator=\count429
\makeMPintoPDFobject=\count430
\everyMPtoPDFconversion=\toks31
) ("C:\Program Files\MiKTeX\tex/latex/epstopdf-pkg\epstopdf-base.sty"
Package: epstopdf-base 2020-01-24 v2.11 Base part for package epstopdf
Package epstopdf-base Info: Redefining graphics rule for `.eps' on input line 4
85.
)
Package caption Info: Begin \AtBeginDocument code.
Package caption Info: subfig package v1.3 is loaded.
Package caption Info: float package is loaded.
Package caption Info: hyperref package is loaded.
Package caption Info: longtable package is loaded.

(C:\Users\evans\AppData\Roaming\MiKTeX\tex/latex/caption\ltcaption.sty
Package: ltcaption 2020/05/30 v1.4b longtable captions (AR)
)
Package caption Info: rotating package is loaded.
Package caption Info: wrapfig package is loaded.
Package caption Info: End \AtBeginDocument code.
Package hyperref Info: Link coloring OFF on input line 31.

("C:\Program Files\MiKTeX\tex/latex/hyperref\nameref.sty"
Package: nameref 2019/09/16 v2.46 Cross-referencing by name of section

(C:\Users\evans\AppData\Roaming\MiKTeX\tex/latex/refcount\refcount.sty
Package: refcount 2019/12/15 v3.6 Data extraction from label references (HO)
)
(C:\Users\evans\AppData\Roaming\MiKTeX\tex/generic/gettitlestring\gettitlestrin
g.sty
Package: gettitlestring 2019/12/15 v1.6 Cleanup title references (HO)
)
\c@section@level=\count431
)
LaTeX Info: Redefining \ref on input line 31.
LaTeX Info: Redefining \pageref on input line 31.
LaTeX Info: Redefining \nameref on input line 31.
 (main.out) (main.out)
\@outlinefile=\write4
\openout4 = `main.out'.


*geometry* driver: auto-detecting
*geometry* detected driver: pdftex
*geometry* verbose mode - [ preamble ] result:
* driver: pdftex
* paper: <default>
* layout: <same size as paper>
* layoutoffset:(h,v)=(0.0pt,0.0pt)
* modes: 
* h-part:(L,W,R)=(71.13188pt, 472.03123pt, 71.13188pt)
* v-part:(T,H,B)=(71.13188pt, 652.70622pt, 71.13188pt)
* \paperwidth=614.295pt
* \paperheight=794.96999pt
* \textwidth=472.03123pt
* \textheight=652.70622pt
* \oddsidemargin=-1.1381pt
* \evensidemargin=-1.1381pt
* \topmargin=-38.1381pt
* \headheight=12.0pt
* \headsep=25.0pt
* \topskip=11.0pt
* \footskip=30.0pt
* \marginparwidth=59.0pt
* \marginparsep=10.0pt
* \columnsep=10.0pt
* \skip\footins=10.0pt plus 4.0pt minus 2.0pt
* \hoffset=0.0pt
* \voffset=0.0pt
* \mag=1000
* \@twocolumnfalse
* \@twosidefalse
* \@mparswitchfalse
* \@reversemarginfalse
* (1in=72.27pt=25.4mm, 1cm=28.453pt)

Package biblatex Info: Trying to load language 'english'...
Package biblatex Info: ... file 'english.lbx' found.
("C:\Program Files\MiKTeX\tex/latex/biblatex/lbx\english.lbx"
File: english.lbx 2020/08/23 v3.15a biblatex localization (PK/MW)
)
Package biblatex Info: Input encoding 'utf8' detected.
Package biblatex Info: Automatic encoding selection.
(biblatex)             Assuming data encoding 'utf8'.
\openout3 = `main.bcf'.

Package biblatex Info: Trying to load bibliographic data...
Package biblatex Info: ... file 'main.bbl' not found.

No file main.bbl.
Package biblatex Info: Reference section=0 on input line 31.
Package biblatex Info: Reference segment=0 on input line 31.
<./figs/00_UarkLogo.png, id=267, 345.54094pt x 82.80937pt>
File: ./figs/00_UarkLogo.png Graphic file (type png)
<use ./figs/00_UarkLogo.png>
Package pdftex.def Info: ./figs/00_UarkLogo.png  used on input line 39.
(pdftex.def)             Requested size: 188.8096pt x 45.2496pt.
<./figs/00_PS.png, id=268, 406.6392pt x 257.763pt>
File: ./figs/00_PS.png Graphic file (type png)
<use ./figs/00_PS.png>
Package pdftex.def Info: ./figs/00_PS.png  used on input line 51.
(pdftex.def)             Requested size: 472.03123pt x 299.22162pt.
[1

{C:/Users/evans/AppData/Local/MiKTeX/pdftex/config/pdftex.map} <./figs/00_UarkL
ogo.png> <./figs/00_PS.png>] (main.toc
LaTeX Font Info:    Trying to load font information for U+wasy on input line 5.


(C:\Users\evans\AppData\Roaming\MiKTeX\tex/latex/wasysym\uwasy.fd
File: uwasy.fd 2020/01/19 v2.4 Wasy-2 symbol font definitions
)
LaTeX Font Info:    Trying to load font information for U+msa on input line 5.

("C:\Program Files\MiKTeX\tex/latex/amsfonts\umsa.fd"
File: umsa.fd 2013/01/14 v3.01 AMS symbols A
)
LaTeX Font Info:    Trying to load font information for U+msb on input line 5.

("C:\Program Files\MiKTeX\tex/latex/amsfonts\umsb.fd"
File: umsb.fd 2013/01/14 v3.01 AMS symbols B
)pdfTeX warning (ext4): destination with the same identifier (name{page.1}) has
 been already used, duplicate ignored
<to be read again> 
                   \relax 
l.93 ...nology Library Editor}{49}{subsection.3.1}
                                                  % [1])
\tf@toc=\write5
\openout5 = `main.toc'.

 [2]
<./figs/01_PSmain.png, id=359, 746.79pt x 607.068pt>
File: ./figs/01_PSmain.png Graphic file (type png)
<use ./figs/01_PSmain.png>
Package pdftex.def Info: ./figs/01_PSmain.png  used on input line 92.
(pdftex.def)             Requested size: 398.33858pt x 323.81018pt.
 [3] [4 <./figs/01_PSmain.png>] [5]
! Undefined control sequence.
l.144 2 & Fixed floor-plan layouts & \multirow
                                              {\begin{tabular}[c]{@{}c@{}}Al...

? 
[6] [7]
! Missing number, treated as zero.
<to be read again> 
                   \protect 
l.181 \centering
                
? 
! Illegal unit of measure (pt inserted).
<to be read again> 
                   \protect 
l.181 \centering
                
? 
<./figs/02_NewProj.png, id=389, 926.71219pt x 747.54282pt>
File: ./figs/02_NewProj.png Graphic file (type png)
<use ./figs/02_NewProj.png>
Package pdftex.def Info: ./figs/02_NewProj.png  used on input line 182.
(pdftex.def)             Requested size: 284.52756pt x 229.5116pt.
[8 <./figs/02_NewProj.png>] [9]
<./figs/03_SymLayout.png, id=402, 453.94594pt x 554.07pt>
File: ./figs/03_SymLayout.png Graphic file (type png)
<use ./figs/03_SymLayout.png>
Package pdftex.def Info: ./figs/03_SymLayout.png  used on input line 204.
(pdftex.def)             Requested size: 188.8096pt x 230.45049pt.

Underfull \hbox (badness 10000) in paragraph at lines 201--205
[]\T1/cmr/m/n/10.95 The ex-am-ple script for the sym-bolic lay-out is shown be-
low:
 []

LaTeX Font Info:    Trying to load font information for T1+cmtt on input line 2
08.
("C:\Program Files\MiKTeX\tex/latex/base\t1cmtt.fd"
File: t1cmtt.fd 2019/12/16 v2.5j Standard LaTeX font definitions
)
Overfull \hbox (23.12912pt too wide) in paragraph at lines 208--209
[]\T1/cmtt/m/n/10.95 T1 l (1,0) (6,0) 
 []


Overfull \hbox (23.12912pt too wide) in paragraph at lines 210--211
[]\T1/cmtt/m/n/10.95 T2 l (1,1) (5,1) 
 []


Overfull \hbox (23.12912pt too wide) in paragraph at lines 212--213
[]\T1/cmtt/m/n/10.95 T3 l (1,2) (6,2) 
 []


Overfull \hbox (23.12912pt too wide) in paragraph at lines 214--215
[]\T1/cmtt/m/n/10.95 T4 l (0,3) (5,3) 
 []


Overfull \hbox (23.12912pt too wide) in paragraph at lines 216--217
[]\T1/cmtt/m/n/10.95 T5 l (1,4) (6,4) 
 []


Overfull \hbox (23.12912pt too wide) in paragraph at lines 218--219
[]\T1/cmtt/m/n/10.95 T6 l (0,6) (5,6) 
 []


Overfull \hbox (23.12912pt too wide) in paragraph at lines 220--221
[]\T1/cmtt/m/n/10.95 T7 l (0,7) (5,7) 
 []


Overfull \hbox (23.12912pt too wide) in paragraph at lines 222--223
[]\T1/cmtt/m/n/10.95 T8 l (0,8) (5,8) 
 []


Overfull \hbox (23.12912pt too wide) in paragraph at lines 224--225
[]\T1/cmtt/m/n/10.95 T9 l (0,0) (0,3) 
 []


Overfull \hbox (28.78749pt too wide) in paragraph at lines 226--227
[]\T1/cmtt/m/n/10.95 T10 l (0,4) (0,6) 
 []


Overfull \hbox (28.78749pt too wide) in paragraph at lines 228--229
[]\T1/cmtt/m/n/10.95 T11 l (6,2) (6,8) 
 []

[10 <./figs/03_SymLayout.png>]
! Missing number, treated as zero.
<to be read again> 
                   \protect 
l.262 \centering
                
? 
! Illegal unit of measure (pt inserted).
<to be read again> 
                   \protect 
l.262 \centering
                
? 
<./figs/04_NewProj.png, id=410, 395.97937pt x 418.56375pt>
File: ./figs/04_NewProj.png Graphic file (type png)
<use ./figs/04_NewProj.png>
Package pdftex.def Info: ./figs/04_NewProj.png  used on input line 263.
(pdftex.def)             Requested size: 236.01561pt x 249.47961pt.
<./figs/05_LayerStack.png, id=411, 360.59718pt x 475.02469pt>
File: ./figs/05_LayerStack.png Graphic file (type png)
<use ./figs/05_LayerStack.png>
Package pdftex.def Info: ./figs/05_LayerStack.png  used on input line 291.
(pdftex.def)             Requested size: 227.62204pt x 299.85423pt.
[11 <./figs/04_NewProj.png>]
<./figs/06_LayerStack2.png, id=418, 376.40625pt x 484.05844pt>
File: ./figs/06_LayerStack2.png Graphic file (type png)
<use ./figs/06_LayerStack2.png>
Package pdftex.def Info: ./figs/06_LayerStack2.png  used on input line 322.
(pdftex.def)             Requested size: 227.62204pt x 292.72699pt.
 [12 <./figs/05_LayerStack.png>]
<./figs/07_Components.png, id=427, 262.0992pt x 422.5386pt>
File: ./figs/07_Components.png Graphic file (type png)
<use ./figs/07_Components.png>
Package pdftex.def Info: ./figs/07_Components.png  used on input line 331.
(pdftex.def)             Requested size: 341.43306pt x 550.44131pt.
 [13 <./figs/06_LayerStack2.png>] [14 <./figs/07_Components.png>]
<./figs/08_Components2.png, id=438, 356.83313pt x 164.11313pt>
File: ./figs/08_Components2.png Graphic file (type png)
<use ./figs/08_Components2.png>
Package pdftex.def Info: ./figs/08_Components2.png  used on input line 343.
(pdftex.def)             Requested size: 283.22162pt x 130.26396pt.
<./figs/09_DeviceSetup.png, id=439, 353.1594pt x 399.4122pt>
File: ./figs/09_DeviceSetup.png Graphic file (type png)
<use ./figs/09_DeviceSetup.png>
Package pdftex.def Info: ./figs/09_DeviceSetup.png  used on input line 352.
(pdftex.def)             Requested size: 284.52756pt x 321.79126pt.
 [15 <./figs/08_Components2.png> <./figs/09_DeviceSetup.png>]
<./figs/10_DeviceLead.png, id=447, 353.82187pt x 182.93344pt>
File: ./figs/10_DeviceLead.png Graphic file (type png)
<use ./figs/10_DeviceLead.png>
Package pdftex.def Info: ./figs/10_DeviceLead.png  used on input line 362.
(pdftex.def)             Requested size: 283.22162pt x 146.43347pt.
<./figs/11_NetNames.png, id=448, 395.076pt x 309.7974pt>
File: ./figs/11_NetNames.png Graphic file (type png)
<use ./figs/11_NetNames.png>
Package pdftex.def Info: ./figs/11_NetNames.png  used on input line 371.
(pdftex.def)             Requested size: 284.52756pt x 223.1154pt.
 [16 <./figs/10_DeviceLead.png> <./figs/11_NetNames.png>]
! Missing number, treated as zero.
<to be read again> 
                   \protect 
l.379 \centering
                
? 
! Illegal unit of measure (pt inserted).
<to be read again> 
                   \protect 
l.379 \centering
                
? 
<./figs/12_BW.png, id=456, 313.17pt x 331.4784pt>
File: ./figs/12_BW.png Graphic file (type png)
<use ./figs/12_BW.png>
Package pdftex.def Info: ./figs/12_BW.png  used on input line 380.
(pdftex.def)             Requested size: 236.01561pt x 249.82208pt.
<./figs/13_BW2.png, id=457, 334.24875pt x 520.94624pt>
File: ./figs/13_BW2.png Graphic file (type png)
<use ./figs/13_BW2.png>
Package pdftex.def Info: ./figs/13_BW2.png  used on input line 396.
(pdftex.def)             Requested size: 169.92747pt x 264.85237pt.
<./figs/14_Vconn.png, id=458, 227.4096pt x 368.0952pt>
File: ./figs/14_Vconn.png Graphic file (type png)
<use ./figs/14_Vconn.png>
Package pdftex.def Info: ./figs/14_Vconn.png  used on input line 396.
(pdftex.def)             Requested size: 169.92747pt x 275.0541pt.
[17 <./figs/12_BW.png> <./figs/13_BW2.png> <./figs/14_Vconn.png>]
<./figs/15_Corr.png, id=467, 330.15979pt x 219.09221pt>
File: ./figs/15_Corr.png Graphic file (type png)
<use ./figs/15_Corr.png>
Package pdftex.def Info: ./figs/15_Corr.png  used on input line 411.
(pdftex.def)             Requested size: 330.42041pt x 219.26549pt.
<./figs/16_Const.png, id=468, 281.47263pt x 196.27011pt>
File: ./figs/16_Const.png Graphic file (type png)
<use ./figs/16_Const.png>
Package pdftex.def Info: ./figs/16_Const.png  used on input line 420.
(pdftex.def)             Requested size: 330.42041pt x 230.40176pt.
 [18 <./figs/15_Corr.png> <./figs/16_Const.png>]
<./figs/17_thermal.png, id=476, 500.5902pt x 408.0846pt>
File: ./figs/17_thermal.png Graphic file (type png)
<use ./figs/17_thermal.png>
Package pdftex.def Info: ./figs/17_thermal.png  used on input line 436.
(pdftex.def)             Requested size: 330.42041pt x 269.37402pt.
<./figs/ParaPower/CODESIGN_r1-01.png, id=479, 455.301pt x 204.0423pt>
File: ./figs/ParaPower/CODESIGN_r1-01.png Graphic file (type png)
<use ./figs/ParaPower/CODESIGN_r1-01.png>
Package pdftex.def Info: ./figs/ParaPower/CODESIGN_r1-01.png  used on input lin
e 445.
(pdftex.def)             Requested size: 377.62642pt x 169.23672pt.
 [19 <./figs/17_thermal.png>]
<./figs/ParaPower/ParaPowerDesignPerformance_Thermal.png, id=486, 494.59781pt x
 429.10312pt>
File: ./figs/ParaPower/ParaPowerDesignPerformance_Thermal.png Graphic file (typ
e png)
<use ./figs/ParaPower/ParaPowerDesignPerformance_Thermal.png>
Package pdftex.def Info: ./figs/ParaPower/ParaPowerDesignPerformance_Thermal.pn
g  used on input line 453.
(pdftex.def)             Requested size: 330.42041pt x 286.66605pt.
 [20 <./figs/ParaPower/CODESIGN_r1-01.png (PNG copy)> <./figs/ParaPower/ParaPow
erDesignPerformance_Thermal.png>]
<./figs/ParaPower/ParaPowerSettings.png, id=492, 757.8714pt x 454.3374pt>
File: ./figs/ParaPower/ParaPowerSettings.png Graphic file (type png)
<use ./figs/ParaPower/ParaPowerSettings.png>
Package pdftex.def Info: ./figs/ParaPower/ParaPowerSettings.png  used on input 
line 461.
(pdftex.def)             Requested size: 377.62642pt x 226.38475pt.
 [21 <./figs/ParaPower/ParaPowerSettings.png>]
<./figs/18_electrical.png, id=498, 533.8344pt x 511.1898pt>
File: ./figs/18_electrical.png Graphic file (type png)
<use ./figs/18_electrical.png>
Package pdftex.def Info: ./figs/18_electrical.png  used on input line 478.
(pdftex.def)             Requested size: 330.42041pt x 316.41179pt.
 [22 <./figs/18_electrical.png>]
<./figs/19_dconn.png, id=504, 208.4419pt x 114.11052pt>
File: ./figs/19_dconn.png Graphic file (type png)
<use ./figs/19_dconn.png>
Package pdftex.def Info: ./figs/19_dconn.png  used on input line 493.
(pdftex.def)             Requested size: 227.62204pt x 124.61128pt.
<./figs/20_Vloop.png, id=505, 240.4182pt x 308.352pt>
File: ./figs/20_Vloop.png Graphic file (type png)
<use ./figs/20_Vloop.png>
Package pdftex.def Info: ./figs/20_Vloop.png  used on input line 499.
(pdftex.def)             Requested size: 227.62204pt x 291.94937pt.
 [23 <./figs/19_dconn.png> <./figs/20_Vloop.png>]
<./figs/21_Emodel.png, id=512, 272.3438pt x 118.67494pt>
File: ./figs/21_Emodel.png Graphic file (type png)
<use ./figs/21_Emodel.png>
Package pdftex.def Info: ./figs/21_Emodel.png  used on input line 510.
(pdftex.def)             Requested size: 284.52756pt x 123.99666pt.
<./figs/22_RS1.png, id=513, 304.29474pt x 167.3621pt>
File: ./figs/22_RS1.png Graphic file (type png)
<use ./figs/22_RS1.png>
Package pdftex.def Info: ./figs/22_RS1.png  used on input line 528.
(pdftex.def)             Requested size: 284.52756pt x 156.49553pt.
 [24 <./figs/21_Emodel.png>]
<./figs/23_RS2.png, id=526, 143.01852pt x 83.68105pt>
File: ./figs/23_RS2.png Graphic file (type png)
<use ./figs/23_RS2.png>
Package pdftex.def Info: ./figs/23_RS2.png  used on input line 534.
(pdftex.def)             Requested size: 113.81102pt x 66.5925pt.
<./figs/24_RS3.png, id=527, 109.54611pt x 222.13516pt>
File: ./figs/24_RS3.png Graphic file (type png)
<use ./figs/24_RS3.png>
Package pdftex.def Info: ./figs/24_RS3.png  used on input line 542.
(pdftex.def)             Requested size: 113.81102pt x 230.79477pt.
 [25 <./figs/22_RS1.png> <./figs/23_RS2.png> <./figs/24_RS3.png>]
<./figs/25_Capacitance.png, id=535, 524.1984pt x 416.757pt>
File: ./figs/25_Capacitance.png Graphic file (type png)
<use ./figs/25_Capacitance.png>
Package pdftex.def Info: ./figs/25_Capacitance.png  used on input line 551.
(pdftex.def)             Requested size: 330.42041pt x 262.6982pt.
[26 <./figs/25_Capacitance.png>]
<./figs/start.PNG, id=544, 1090.0725pt x 655.69969pt>
File: ./figs/start.PNG Graphic file (type png)
<use ./figs/start.PNG>
Package pdftex.def Info: ./figs/start.PNG  used on input line 562.
(pdftex.def)             Requested size: 424.82523pt x 255.54175pt.
<./figs/new_dialog.PNG, id=545, 845.40843pt x 577.40718pt>
File: ./figs/new_dialog.PNG Graphic file (type png)
<use ./figs/new_dialog.PNG>
Package pdftex.def Info: ./figs/new_dialog.PNG  used on input line 572.
(pdftex.def)             Requested size: 424.82523pt x 290.14781pt.


LaTeX Warning: `h' float specifier changed to `ht'.

[27 <./figs/start.PNG>]
<./figs/cons_assign.PNG, id=560, 723.45282pt x 684.30656pt>
File: ./figs/cons_assign.PNG Graphic file (type png)
<use ./figs/cons_assign.PNG>
Package pdftex.def Info: ./figs/cons_assign.PNG  used on input line 592.
(pdftex.def)             Requested size: 424.82523pt x 401.83699pt.
<./figs//modes.PNG, id=562, 377.91188pt x 124.96687pt>
File: ./figs//modes.PNG Graphic file (type png)
<use ./figs//modes.PNG>
Package pdftex.def Info: ./figs//modes.PNG  used on input line 604.
(pdftex.def)             Requested size: 377.91095pt x 124.96657pt.
<./figs/Fixed_loc.png, id=563, 860.4948pt x 354.6048pt>
File: ./figs/Fixed_loc.png Graphic file (type png)
<use ./figs/Fixed_loc.png>
Package pdftex.def Info: ./figs/Fixed_loc.png  used on input line 611.
(pdftex.def)             Requested size: 472.03123pt x 194.52461pt.
 [28 <./figs/new_dialog.PNG>] [29 <./figs/cons_assign.PNG>]
<./figs/optimization_setup.PNG, id=580, 663.98062pt x 487.8225pt>
File: ./figs/optimization_setup.PNG Graphic file (type png)
<use ./figs/optimization_setup.PNG>
Package pdftex.def Info: ./figs/optimization_setup.PNG  used on input line 633.

(pdftex.def)             Requested size: 424.82523pt x 312.11601pt.
 [30 <./figs//modes.PNG> <./figs/Fixed_loc.png>]
<./figs/gen_layout_env.PNG, id=591, 844.65562pt x 577.40718pt>
File: ./figs/gen_layout_env.PNG Graphic file (type png)
<use ./figs/gen_layout_env.PNG>
Package pdftex.def Info: ./figs/gen_layout_env.PNG  used on input line 657.
(pdftex.def)             Requested size: 424.82712pt x 274.63249pt.
 [31 <./figs/optimization_setup.PNG>]
<./figs/Saving_sol.PNG, id=603, 1445.4pt x 783.67781pt>
File: ./figs/Saving_sol.PNG Graphic file (type png)
<use ./figs/Saving_sol.PNG>
Package pdftex.def Info: ./figs/Saving_sol.PNG  used on input line 668.
(pdftex.def)             Requested size: 424.82341pt x 289.08331pt.
 [32 <./figs/gen_layout_env.PNG>]
<./figs/Test/start.PNG, id=614, 925.95938pt x 666.99188pt>
File: ./figs/Test/start.PNG Graphic file (type png)
<use ./figs/Test/start.PNG>
Package pdftex.def Info: ./figs/Test/start.PNG  used on input line 682.
(pdftex.def)             Requested size: 424.82523pt x 306.01596pt.
 [33 <./figs/Saving_sol.PNG>]
<./figs/Test/constraint.PNG, id=623, 726.46407pt x 687.31781pt>
File: ./figs/Test/constraint.PNG Graphic file (type png)
<use ./figs/Test/constraint.PNG>
Package pdftex.def Info: ./figs/Test/constraint.PNG  used on input line 691.
(pdftex.def)             Requested size: 424.82523pt x 401.93771pt.
<./figs/Test/Picture1.png, id=627, 759.3168pt x 334.851pt>
File: ./figs/Test/Picture1.png Graphic file (type png)
<use ./figs/Test/Picture1.png>
Package pdftex.def Info: ./figs/Test/Picture1.png  used on input line 705.
(pdftex.def)             Requested size: 424.82523pt x 187.34155pt.

[34 <./figs/Test/start.PNG>]
<./figs/Test/Mode_0_sol.PNG, id=636, 926.71219pt x 666.99188pt>
File: ./figs/Test/Mode_0_sol.PNG Graphic file (type png)
<use ./figs/Test/Mode_0_sol.PNG>
Package pdftex.def Info: ./figs/Test/Mode_0_sol.PNG  used on input line 713.
(pdftex.def)             Requested size: 424.82217pt x 252.94049pt.
 [35 <./figs/Test/constraint.PNG>]
<./figs/Test/sol_main.png, id=645, 421.575pt x 277.035pt>
File: ./figs/Test/sol_main.png Graphic file (type png)
<use ./figs/Test/sol_main.png>
Package pdftex.def Info: ./figs/Test/sol_main.png  used on input line 721.
(pdftex.def)             Requested size: 199.1695pt x 144.54092pt.
<./figs/Test/csv.PNG, id=646, 270.2898pt x 277.035pt>
File: ./figs/Test/csv.PNG Graphic file (type png)
<use ./figs/Test/csv.PNG>
Package pdftex.def Info: ./figs/Test/csv.PNG  used on input line 723.
(pdftex.def)             Requested size: 199.17409pt x 144.54092pt.
 [36 <./figs/Test/Picture1.png> <./figs/Test/Mode_0_sol.PNG>]
<./figs/Test/Mode_1_opt_setup.PNG, id=655, 667.74469pt x 418.56375pt>
File: ./figs/Test/Mode_1_opt_setup.PNG Graphic file (type png)
<use ./figs/Test/Mode_1_opt_setup.PNG>
Package pdftex.def Info: ./figs/Test/Mode_1_opt_setup.PNG  used on input line 7
32.
(pdftex.def)             Requested size: 424.82523pt x 266.30234pt.
<./figs/Test/mode_1_sol.PNG, id=657, 925.20656pt x 663.98062pt>
File: ./figs/Test/mode_1_sol.PNG Graphic file (type png)
<use ./figs/Test/mode_1_sol.PNG>
Package pdftex.def Info: ./figs/Test/mode_1_sol.PNG  used on input line 740.
(pdftex.def)             Requested size: 424.82523pt x 304.87755pt.
<./figs/Test/Mode_2_opt.PNG, id=662, 924.45375pt x 666.23906pt>
File: ./figs/Test/Mode_2_opt.PNG Graphic file (type png)
<use ./figs/Test/Mode_2_opt.PNG>
Package pdftex.def Info: ./figs/Test/Mode_2_opt.PNG  used on input line 749.
(pdftex.def)             Requested size: 424.82523pt x 306.1687pt.
 [37 <./figs/Test/sol_main.png> <./figs/Test/csv.PNG>]
<./figs/Test/Mode_2_NG.PNG, id=677, 924.45375pt x 663.98062pt>
File: ./figs/Test/Mode_2_NG.PNG Graphic file (type png)
<use ./figs/Test/Mode_2_NG.PNG>
Package pdftex.def Info: ./figs/Test/Mode_2_NG.PNG  used on input line 756.
(pdftex.def)             Requested size: 424.82523pt x 305.13084pt.
<./figs/Test/NSGAII.PNG, id=678, 841.64438pt x 578.16pt>
File: ./figs/Test/NSGAII.PNG Graphic file (type png)
<use ./figs/Test/NSGAII.PNG>
Package pdftex.def Info: ./figs/Test/NSGAII.PNG  used on input line 763.
(pdftex.def)             Requested size: 213.39003pt x 180.67455pt.
<./figs/Test/Pareto.PNG, id=679, 843.15pt x 576.65437pt>
File: ./figs/Test/Pareto.PNG Graphic file (type png)
<use ./figs/Test/Pareto.PNG>
Package pdftex.def Info: ./figs/Test/Pareto.PNG  used on input line 765.
(pdftex.def)             Requested size: 213.38579pt x 180.6704pt.
 [38 <./figs/Test/Mode_1_opt_setup.PNG> <./figs/Test/Mode_2_opt.PNG>]
<./figs/Test/mode_3_fix.PNG, id=687, 840.89156pt x 573.64313pt>
File: ./figs/Test/mode_3_fix.PNG Graphic file (type png)
<use ./figs/Test/mode_3_fix.PNG>
Package pdftex.def Info: ./figs/Test/mode_3_fix.PNG  used on input line 786.
(pdftex.def)             Requested size: 424.82523pt x 289.80565pt.
 [39 <./figs/Test/mode_1_sol.PNG>]
Overfull \vbox (5.43025pt too high) has occurred while \output is active []


[40 <./figs/Test/Mode_2_NG.PNG> <./figs/Test/mode_3_fix.PNG>]
<./figs/Test/mode_3_result.PNG, id=702, 841.64438pt x 576.65437pt>
File: ./figs/Test/mode_3_result.PNG Graphic file (type png)
<use ./figs/Test/mode_3_result.PNG>
Package pdftex.def Info: ./figs/Test/mode_3_result.PNG  used on input line 794.

(pdftex.def)             Requested size: 424.82523pt x 291.07176pt.
 [41 <./figs/Test/NSGAII.PNG> <./figs/Test/Pareto.PNG> <./figs/Test/mode_3_resu
lt.PNG>]
<./figs/26_Optimization.png, id=713, 470.13538pt x 327.11684pt>
File: ./figs/26_Optimization.png Graphic file (type png)
<use ./figs/26_Optimization.png>
Package pdftex.def Info: ./figs/26_Optimization.png  used on input line 812.
(pdftex.def)             Requested size: 330.42041pt x 229.90862pt.
<./figs/27_SolutionBrowser.png, id=714, 459.48505pt x 327.11684pt>
File: ./figs/27_SolutionBrowser.png Graphic file (type png)
<use ./figs/27_SolutionBrowser.png>
Package pdftex.def Info: ./figs/27_SolutionBrowser.png  used on input line 818.

(pdftex.def)             Requested size: 330.42041pt x 235.23943pt.
 [42 <./figs/26_Optimization.png>]
<./figs/28_SolnBrowser.png, id=721, 470.13538pt x 344.61378pt>
File: ./figs/28_SolnBrowser.png Graphic file (type png)
<use ./figs/28_SolnBrowser.png>
Package pdftex.def Info: ./figs/28_SolnBrowser.png  used on input line 828.
(pdftex.def)             Requested size: 330.42041pt x 242.20605pt.
 [43 <./figs/27_SolutionBrowser.png> <./figs/28_SolnBrowser.png>]
<./figs/29_SolnExport.png, id=728, 248.76094pt x 194.74863pt>
File: ./figs/29_SolnExport.png Graphic file (type png)
<use ./figs/29_SolnExport.png>
Package pdftex.def Info: ./figs/29_SolnExport.png  used on input line 835.
(pdftex.def)             Requested size: 283.22162pt x 221.73341pt.
 [44 <./figs/29_SolnExport.png>]
<./figs/41_PL1.png, id=734, 469.755pt x 377.91188pt>
File: ./figs/41_PL1.png Graphic file (type png)
<use ./figs/41_PL1.png>
Package pdftex.def Info: ./figs/41_PL1.png  used on input line 849.
(pdftex.def)             Requested size: 330.42041pt x 265.81667pt.
<./figs/42_PL2.png, id=735, 469.755pt x 376.40625pt>
File: ./figs/42_PL2.png Graphic file (type png)
<use ./figs/42_PL2.png>
Package pdftex.def Info: ./figs/42_PL2.png  used on input line 855.
(pdftex.def)             Requested size: 330.42041pt x 264.75761pt.
 [45 <./figs/41_PL1.png>]
<./figs/43_PL3.png, id=741, 469.755pt x 340.27126pt>
File: ./figs/43_PL3.png Graphic file (type png)
<use ./figs/43_PL3.png>
Package pdftex.def Info: ./figs/43_PL3.png  used on input line 861.
(pdftex.def)             Requested size: 283.22162pt x 205.15082pt.
 [46 <./figs/42_PL2.png> <./figs/43_PL3.png>]
<./figs/30_Q3D.png, id=748, 469.37463pt x 275.38673pt>
File: ./figs/30_Q3D.png Graphic file (type png)
<use ./figs/30_Q3D.png>
Package pdftex.def Info: ./figs/30_Q3D.png  used on input line 875.
(pdftex.def)             Requested size: 330.42041pt x 193.87033pt.
<./figs/31_SolidWorks.png, id=749, 469.755pt x 283.0575pt>
File: ./figs/31_SolidWorks.png Graphic file (type png)
<use ./figs/31_SolidWorks.png>
Package pdftex.def Info: ./figs/31_SolidWorks.png  used on input line 884.
(pdftex.def)             Requested size: 330.42041pt x 199.09772pt.
 [47 <./figs/30_Q3D.png> <./figs/31_SolidWorks.png>] [48]
<./figs/32_TL1.png, id=761, 267.77937pt x 287.55853pt>
File: ./figs/32_TL1.png Graphic file (type png)
<use ./figs/32_TL1.png>
Package pdftex.def Info: ./figs/32_TL1.png  used on input line 930.
(pdftex.def)             Requested size: 236.01561pt x 253.46036pt.
 [49 <./figs/32_TL1.png>]
<./figs/33_TL-Device.png, id=767, 254.0861pt x 243.43579pt>
File: ./figs/33_TL-Device.png Graphic file (type png)
<use ./figs/33_TL-Device.png>
Package pdftex.def Info: ./figs/33_TL-Device.png  used on input line 943.
(pdftex.def)             Requested size: 236.01561pt x 226.12921pt.
<./figs/34_TL-DieAttach.png, id=768, 272.3438pt x 242.67505pt>
File: ./figs/34_TL-DieAttach.png Graphic file (type png)
<use ./figs/34_TL-DieAttach.png>
Package pdftex.def Info: ./figs/34_TL-DieAttach.png  used on input line 955.
(pdftex.def)             Requested size: 236.01561pt x 210.31464pt.
 [50 <./figs/33_TL-Device.png> <./figs/34_TL-DieAttach.png>]
<./figs/35_TL-Lead.png, id=775, 276.9082pt x 249.52168pt>
File: ./figs/35_TL-Lead.png Graphic file (type png)
<use ./figs/35_TL-Lead.png>
Package pdftex.def Info: ./figs/35_TL-Lead.png  used on input line 967.
(pdftex.def)             Requested size: 236.01561pt x 212.67316pt.
<./figs/36_TL-BW.png, id=776, 255.60757pt x 229.74252pt>
File: ./figs/36_TL-BW.png Graphic file (type png)
<use ./figs/36_TL-BW.png>
Package pdftex.def Info: ./figs/36_TL-BW.png  used on input line 979.
(pdftex.def)             Requested size: 236.01561pt x 212.14392pt.
 [51 <./figs/35_TL-Lead.png> <./figs/36_TL-BW.png>]
<./figs/37_TL-Sub.png, id=783, 282.99411pt x 251.04315pt>
File: ./figs/37_TL-Sub.png Graphic file (type png)
<use ./figs/37_TL-Sub.png>
Package pdftex.def Info: ./figs/37_TL-Sub.png  used on input line 992.
(pdftex.def)             Requested size: 236.01561pt x 209.3732pt.
<./figs/38_TL-SubAttach.png, id=784, 241.91432pt x 219.09221pt>
File: ./figs/38_TL-SubAttach.png Graphic file (type png)
<use ./figs/38_TL-SubAttach.png>
Package pdftex.def Info: ./figs/38_TL-SubAttach.png  used on input line 1004.
(pdftex.def)             Requested size: 236.01561pt x 213.7561pt.
 [52 <./figs/37_TL-Sub.png> <./figs/38_TL-SubAttach.png>]
<./figs/39_TL-Base.png, id=791, 254.0861pt x 234.30695pt>
File: ./figs/39_TL-Base.png Graphic file (type png)
<use ./figs/39_TL-Base.png>
Package pdftex.def Info: ./figs/39_TL-Base.png  used on input line 1017.
(pdftex.def)             Requested size: 236.01561pt x 217.64935pt.
 [53 <./figs/39_TL-Base.png>]
<./figs/40_DRC.png, id=797, 427.5341pt x 170.40506pt>
File: ./figs/40_DRC.png Graphic file (type png)
<use ./figs/40_DRC.png>
Package pdftex.def Info: ./figs/40_DRC.png  used on input line 1028.
(pdftex.def)             Requested size: 330.42041pt x 131.69592pt.

[54 <./figs/40_DRC.png>]
<./figs/41_LayoutEditor.png, id=804, 295.1659pt x 330.15979pt>
File: ./figs/41_LayoutEditor.png Graphic file (type png)
<use ./figs/41_LayoutEditor.png>
Package pdftex.def Info: ./figs/41_LayoutEditor.png  used on input line 1039.
(pdftex.def)             Requested size: 283.22162pt x 316.80872pt.
 [55 <./figs/41_LayoutEditor.png>] [56] [57]
<./figs/empro/01_SolutionBrowser.PNG, id=855, 648.021pt x 488.42474pt>
File: ./figs/empro/01_SolutionBrowser.PNG Graphic file (type png)
<use ./figs/empro/01_SolutionBrowser.PNG>
Package pdftex.def Info: ./figs/empro/01_SolutionBrowser.PNG  used on input lin
e 1155.
(pdftex.def)             Requested size: 330.42041pt x 249.0486pt.
<./figs/empro/02_ExportSolution.PNG, id=858, 742.57425pt x 601.64775pt>
File: ./figs/empro/02_ExportSolution.PNG Graphic file (type png)
<use ./figs/empro/02_ExportSolution.PNG>
Package pdftex.def Info: ./figs/empro/02_ExportSolution.PNG  used on input line
 1168.
(pdftex.def)             Requested size: 330.42041pt x 267.70946pt.
<./figs/empro/03_PyFileSave.PNG, id=859, 761.244pt x 428.802pt>
File: ./figs/empro/03_PyFileSave.PNG Graphic file (type png)
<use ./figs/empro/03_PyFileSave.PNG>
Package pdftex.def Info: ./figs/empro/03_PyFileSave.PNG  used on input line 117
5.
(pdftex.def)             Requested size: 283.22162pt x 159.53755pt.
<./figs/empro/04_NewProject.PNG, id=861, 377.61075pt x 317.38576pt>
File: ./figs/empro/04_NewProject.PNG Graphic file (type png)
<use ./figs/empro/04_NewProject.PNG>
Package pdftex.def Info: ./figs/empro/04_NewProject.PNG  used on input line 119
4.
(pdftex.def)             Requested size: 236.01561pt x 198.37045pt.
 [58]
<./figs/empro/05_NewPyScript.PNG, id=873, 1262.316pt x 752.8125pt>
File: ./figs/empro/05_NewPyScript.PNG Graphic file (type png)
<use ./figs/empro/05_NewPyScript.PNG>
Package pdftex.def Info: ./figs/empro/05_NewPyScript.PNG  used on input line 12
08.
(pdftex.def)             Requested size: 330.42041pt x 197.04762pt.
<./figs/empro/06_ExecuteScript.PNG, id=874, 1262.316pt x 752.8125pt>
File: ./figs/empro/06_ExecuteScript.PNG Graphic file (type png)
<use ./figs/empro/06_ExecuteScript.PNG>
Package pdftex.def Info: ./figs/empro/06_ExecuteScript.PNG  used on input line 
1216.
(pdftex.def)             Requested size: 330.42041pt x 197.04762pt.
<./figs/empro/07_ScriptComplete.PNG, id=876, 1262.316pt x 752.8125pt>
File: ./figs/empro/07_ScriptComplete.PNG Graphic file (type png)
<use ./figs/empro/07_ScriptComplete.PNG>
Package pdftex.def Info: ./figs/empro/07_ScriptComplete.PNG  used on input line
 1226.
(pdftex.def)             Requested size: 330.42041pt x 197.04762pt.

[59 <./figs/empro/01_SolutionBrowser.PNG>] [60 <./figs/empro/02_ExportSolution.
PNG> <./figs/empro/03_PyFileSave.PNG>] [61 <./figs/empro/04_NewProject.PNG> <./
figs/empro/05_NewPyScript.PNG>] [62 <./figs/empro/06_ExecuteScript.PNG> <./figs
/empro/07_ScriptComplete.PNG>] (main.aux)
Package rerunfilecheck Info: File `main.out' has not changed.
(rerunfilecheck)             Checksum: 213ECA4D4805CE15E762A943CCECC10F;5076.


LaTeX Warning: There were multiply-defined labels.

Package logreq Info: Writing requests to 'main.run.xml'.
\openout1 = `main.run.xml'.

 ) 
Here is how much of TeX's memory you used:
 17113 strings out of 479791
 294010 string characters out of 2879326
 1012654 words of memory out of 3000000
 33577 multiletter control sequences out of 15000+200000
 549545 words of font info for 64 fonts, out of 3000000 for 9000
 1141 hyphenation exceptions out of 8191
 66i,14n,76p,1998b,759s stack positions out of 5000i,500n,10000p,200000b,50000s
 <C:\Users\evans\AppData\Local\MiKTeX\fonts/pk/ljfour/jknappen/ec/dpi600\ecrm
0900.pk> <C:\Users\evans\AppData\Local\MiKTeX\fonts/pk/ljfour/jknappen/ec/dpi60
0\ecrm0800.pk> <C:\Users\evans\AppData\Local\MiKTeX\fonts/pk/ljfour/jknappen/ec
/dpi600\ectt1095.pk> <C:\Users\evans\AppData\Local\MiKTeX\fonts/pk/ljfour/jknap
pen/ec/dpi600\ecti1095.pk> <C:\Users\evans\AppData\Local\MiKTeX\fonts/pk/ljfour
/jknappen/ec/dpi600\tcrm1095.pk> <C:\Users\evans\AppData\Local\MiKTeX\fonts/pk/
ljfour/jknappen/ec/dpi600\ecbx1200.pk> <C:\Users\evans\AppData\Local\MiKTeX\fon
ts/pk/ljfour/jknappen/ec/dpi600\ecrm1095.pk> <C:\Users\evans\AppData\Local\MiKT
eX\fonts/pk/ljfour/jknappen/ec/dpi600\ecbx1095.pk> <C:\Users\evans\AppData\Loca
l\MiKTeX\fonts/pk/ljfour/jknappen/ec/dpi600\ecbx1440.pk> <C:\Users\evans\AppDat
a\Local\MiKTeX\fonts/pk/ljfour/jknappen/ec/dpi600\ecrm1200.pk> <C:\Users\evans\
AppData\Local\MiKTeX\fonts/pk/ljfour/jknappen/ec/dpi600\ecrm2488.pk> <C:\Users\
evans\AppData\Local\MiKTeX\fonts/pk/ljfour/jknappen/ec/dpi600\ecrm1440.pk>
Output written on main.pdf (63 pages, 6800361 bytes).
PDF statistics:
 1424 PDF objects out of 1440 (max. 8388607)
 205 named destinations out of 1000 (max. 500000)
 919 words of extra memory for PDF output out of 10000 (max. 10000000)

